::1 - - [11/Oct/2020:19:36:19 +0700] "GET /backend/buoi28/miniStudentManagementProject/html/register/addRegister.html HTTP/1.1" 200 2426 "-" "Mozilla/5.0 (Windows NT 10.0; Win64; x64) AppleWebKit/537.36 (KHTML, like Gecko) Chrome/85.0.4183.121 Safari/537.36"
::1 - - [11/Oct/2020:19:36:19 +0700] "GET /backend/buoi28/miniStudentManagementProject/html/lib/bootstrap-3.3.7-dist/css/bootstrap.min.css HTTP/1.1" 200 121200 "http://localhost/backend/buoi28/miniStudentManagementProject/html/register/addRegister.html" "Mozilla/5.0 (Windows NT 10.0; Win64; x64) AppleWebKit/537.36 (KHTML, like Gecko) Chrome/85.0.4183.121 Safari/537.36"
::1 - - [11/Oct/2020:19:36:19 +0700] "GET /backend/buoi28/miniStudentManagementProject/html/lib/bootstrap-3.3.7-dist/js/bootstrap.min.js HTTP/1.1" 200 37045 "http://localhost/backend/buoi28/miniStudentManagementProject/html/register/addRegister.html" "Mozilla/5.0 (Windows NT 10.0; Win64; x64) AppleWebKit/537.36 (KHTML, like Gecko) Chrome/85.0.4183.121 Safari/537.36"
::1 - - [11/Oct/2020:19:36:19 +0700] "GET /backend/buoi28/miniStudentManagementProject/html/lib/jquery/jquery.min.js HTTP/1.1" 200 97163 "http://localhost/backend/buoi28/miniStudentManagementProject/html/register/addRegister.html" "Mozilla/5.0 (Windows NT 10.0; Win64; x64) AppleWebKit/537.36 (KHTML, like Gecko) Chrome/85.0.4183.121 Safari/537.36"
::1 - - [11/Oct/2020:19:37:27 +0700] "GET /backend/buoi24/buoi24_2.html HTTP/1.1" 200 512 "-" "Mozilla/5.0 (Windows NT 10.0; Win64; x64) AppleWebKit/537.36 (KHTML, like Gecko) Chrome/85.0.4183.121 Safari/537.36"
::1 - - [11/Oct/2020:19:37:32 +0700] "POST /backend/buoi24/buoi24_2.php HTTP/1.1" 200 381 "http://localhost/backend/buoi24/buoi24_2.html" "Mozilla/5.0 (Windows NT 10.0; Win64; x64) AppleWebKit/537.36 (KHTML, like Gecko) Chrome/85.0.4183.121 Safari/537.36"
::1 - - [11/Oct/2020:19:37:46 +0700] "POST /backend/buoi24/buoi24_2.php HTTP/1.1" 200 381 "http://localhost/backend/buoi24/buoi24_2.html" "Mozilla/5.0 (Windows NT 10.0; Win64; x64) AppleWebKit/537.36 (KHTML, like Gecko) Chrome/85.0.4183.121 Safari/537.36"
::1 - - [11/Oct/2020:19:37:46 +0700] "POST /backend/buoi24/buoi24_2.php HTTP/1.1" 401 381 "http://localhost/backend/buoi24/buoi24_2.html" "Mozilla/5.0 (Windows NT 10.0; Win64; x64) AppleWebKit/537.36 (KHTML, like Gecko) Chrome/85.0.4183.121 Safari/537.36"
::1 - - [11/Oct/2020:19:37:46 +0700] "POST /backend/buoi24/buoi24_2.php HTTP/1.1" 401 381 "http://localhost/backend/buoi24/buoi24_2.html" "Mozilla/5.0 (Windows NT 10.0; Win64; x64) AppleWebKit/537.36 (KHTML, like Gecko) Chrome/85.0.4183.121 Safari/537.36"
::1 - - [11/Oct/2020:19:37:46 +0700] "POST /backend/buoi24/buoi24_2.php HTTP/1.1" 401 381 "http://localhost/backend/buoi24/buoi24_2.html" "Mozilla/5.0 (Windows NT 10.0; Win64; x64) AppleWebKit/537.36 (KHTML, like Gecko) Chrome/85.0.4183.121 Safari/537.36"
::1 - - [11/Oct/2020:19:37:46 +0700] "POST /backend/buoi24/buoi24_2.php HTTP/1.1" 401 381 "http://localhost/backend/buoi24/buoi24_2.html" "Mozilla/5.0 (Windows NT 10.0; Win64; x64) AppleWebKit/537.36 (KHTML, like Gecko) Chrome/85.0.4183.121 Safari/537.36"
::1 - - [11/Oct/2020:19:37:46 +0700] "POST /backend/buoi24/buoi24_2.php HTTP/1.1" 401 381 "http://localhost/backend/buoi24/buoi24_2.html" "Mozilla/5.0 (Windows NT 10.0; Win64; x64) AppleWebKit/537.36 (KHTML, like Gecko) Chrome/85.0.4183.121 Safari/537.36"
::1 - - [11/Oct/2020:19:37:46 +0700] "POST /backend/buoi24/buoi24_2.php HTTP/1.1" 401 381 "http://localhost/backend/buoi24/buoi24_2.html" "Mozilla/5.0 (Windows NT 10.0; Win64; x64) AppleWebKit/537.36 (KHTML, like Gecko) Chrome/85.0.4183.121 Safari/537.36"
::1 - - [11/Oct/2020:19:37:46 +0700] "POST /backend/buoi24/buoi24_2.php HTTP/1.1" 401 381 "http://localhost/backend/buoi24/buoi24_2.html" "Mozilla/5.0 (Windows NT 10.0; Win64; x64) AppleWebKit/537.36 (KHTML, like Gecko) Chrome/85.0.4183.121 Safari/537.36"
::1 - - [11/Oct/2020:19:37:46 +0700] "POST /backend/buoi24/buoi24_2.php HTTP/1.1" 401 381 "http://localhost/backend/buoi24/buoi24_2.html" "Mozilla/5.0 (Windows NT 10.0; Win64; x64) AppleWebKit/537.36 (KHTML, like Gecko) Chrome/85.0.4183.121 Safari/537.36"
::1 - - [11/Oct/2020:19:37:46 +0700] "POST /backend/buoi24/buoi24_2.php HTTP/1.1" 401 381 "http://localhost/backend/buoi24/buoi24_2.html" "Mozilla/5.0 (Windows NT 10.0; Win64; x64) AppleWebKit/537.36 (KHTML, like Gecko) Chrome/85.0.4183.121 Safari/537.36"
::1 - - [11/Oct/2020:19:37:46 +0700] "POST /backend/buoi24/buoi24_2.php HTTP/1.1" 401 381 "http://localhost/backend/buoi24/buoi24_2.html" "Mozilla/5.0 (Windows NT 10.0; Win64; x64) AppleWebKit/537.36 (KHTML, like Gecko) Chrome/85.0.4183.121 Safari/537.36"
::1 - - [11/Oct/2020:19:37:46 +0700] "POST /backend/buoi24/buoi24_2.php HTTP/1.1" 401 381 "http://localhost/backend/buoi24/buoi24_2.html" "Mozilla/5.0 (Windows NT 10.0; Win64; x64) AppleWebKit/537.36 (KHTML, like Gecko) Chrome/85.0.4183.121 Safari/537.36"
::1 - - [11/Oct/2020:19:37:46 +0700] "POST /backend/buoi24/buoi24_2.php HTTP/1.1" 401 381 "http://localhost/backend/buoi24/buoi24_2.html" "Mozilla/5.0 (Windows NT 10.0; Win64; x64) AppleWebKit/537.36 (KHTML, like Gecko) Chrome/85.0.4183.121 Safari/537.36"
::1 - - [11/Oct/2020:19:37:46 +0700] "POST /backend/buoi24/buoi24_2.php HTTP/1.1" 401 381 "http://localhost/backend/buoi24/buoi24_2.html" "Mozilla/5.0 (Windows NT 10.0; Win64; x64) AppleWebKit/537.36 (KHTML, like Gecko) Chrome/85.0.4183.121 Safari/537.36"
::1 - - [11/Oct/2020:19:37:46 +0700] "POST /backend/buoi24/buoi24_2.php HTTP/1.1" 401 381 "http://localhost/backend/buoi24/buoi24_2.html" "Mozilla/5.0 (Windows NT 10.0; Win64; x64) AppleWebKit/537.36 (KHTML, like Gecko) Chrome/85.0.4183.121 Safari/537.36"
::1 - - [11/Oct/2020:19:37:46 +0700] "POST /backend/buoi24/buoi24_2.php HTTP/1.1" 401 381 "http://localhost/backend/buoi24/buoi24_2.html" "Mozilla/5.0 (Windows NT 10.0; Win64; x64) AppleWebKit/537.36 (KHTML, like Gecko) Chrome/85.0.4183.121 Safari/537.36"
::1 - - [11/Oct/2020:19:37:46 +0700] "POST /backend/buoi24/buoi24_2.php HTTP/1.1" 401 381 "http://localhost/backend/buoi24/buoi24_2.html" "Mozilla/5.0 (Windows NT 10.0; Win64; x64) AppleWebKit/537.36 (KHTML, like Gecko) Chrome/85.0.4183.121 Safari/537.36"
::1 - - [11/Oct/2020:19:37:46 +0700] "POST /backend/buoi24/buoi24_2.php HTTP/1.1" 401 381 "http://localhost/backend/buoi24/buoi24_2.html" "Mozilla/5.0 (Windows NT 10.0; Win64; x64) AppleWebKit/537.36 (KHTML, like Gecko) Chrome/85.0.4183.121 Safari/537.36"
::1 - - [11/Oct/2020:19:37:46 +0700] "POST /backend/buoi24/buoi24_2.php HTTP/1.1" 401 381 "http://localhost/backend/buoi24/buoi24_2.html" "Mozilla/5.0 (Windows NT 10.0; Win64; x64) AppleWebKit/537.36 (KHTML, like Gecko) Chrome/85.0.4183.121 Safari/537.36"
::1 - - [11/Oct/2020:19:37:46 +0700] "POST /backend/buoi24/buoi24_2.php HTTP/1.1" 401 381 "http://localhost/backend/buoi24/buoi24_2.html" "Mozilla/5.0 (Windows NT 10.0; Win64; x64) AppleWebKit/537.36 (KHTML, like Gecko) Chrome/85.0.4183.121 Safari/537.36"
::1 - - [11/Oct/2020:19:37:46 +0700] "POST /backend/buoi24/buoi24_2.php HTTP/1.1" 401 381 "http://localhost/backend/buoi24/buoi24_2.html" "Mozilla/5.0 (Windows NT 10.0; Win64; x64) AppleWebKit/537.36 (KHTML, like Gecko) Chrome/85.0.4183.121 Safari/537.36"
::1 - - [11/Oct/2020:19:37:46 +0700] "POST /backend/buoi24/buoi24_2.php HTTP/1.1" 401 381 "http://localhost/backend/buoi24/buoi24_2.html" "Mozilla/5.0 (Windows NT 10.0; Win64; x64) AppleWebKit/537.36 (KHTML, like Gecko) Chrome/85.0.4183.121 Safari/537.36"
::1 - - [11/Oct/2020:19:37:46 +0700] "POST /backend/buoi24/buoi24_2.php HTTP/1.1" 401 381 "http://localhost/backend/buoi24/buoi24_2.html" "Mozilla/5.0 (Windows NT 10.0; Win64; x64) AppleWebKit/537.36 (KHTML, like Gecko) Chrome/85.0.4183.121 Safari/537.36"
::1 - - [11/Oct/2020:19:37:46 +0700] "POST /backend/buoi24/buoi24_2.php HTTP/1.1" 401 381 "http://localhost/backend/buoi24/buoi24_2.html" "Mozilla/5.0 (Windows NT 10.0; Win64; x64) AppleWebKit/537.36 (KHTML, like Gecko) Chrome/85.0.4183.121 Safari/537.36"
::1 - - [11/Oct/2020:19:37:46 +0700] "POST /backend/buoi24/buoi24_2.php HTTP/1.1" 401 381 "http://localhost/backend/buoi24/buoi24_2.html" "Mozilla/5.0 (Windows NT 10.0; Win64; x64) AppleWebKit/537.36 (KHTML, like Gecko) Chrome/85.0.4183.121 Safari/537.36"
::1 - - [11/Oct/2020:19:37:46 +0700] "POST /backend/buoi24/buoi24_2.php HTTP/1.1" 401 381 "http://localhost/backend/buoi24/buoi24_2.html" "Mozilla/5.0 (Windows NT 10.0; Win64; x64) AppleWebKit/537.36 (KHTML, like Gecko) Chrome/85.0.4183.121 Safari/537.36"
::1 - - [11/Oct/2020:19:37:46 +0700] "POST /backend/buoi24/buoi24_2.php HTTP/1.1" 401 381 "http://localhost/backend/buoi24/buoi24_2.html" "Mozilla/5.0 (Windows NT 10.0; Win64; x64) AppleWebKit/537.36 (KHTML, like Gecko) Chrome/85.0.4183.121 Safari/537.36"
::1 - - [11/Oct/2020:19:37:46 +0700] "POST /backend/buoi24/buoi24_2.php HTTP/1.1" 401 381 "http://localhost/backend/buoi24/buoi24_2.html" "Mozilla/5.0 (Windows NT 10.0; Win64; x64) AppleWebKit/537.36 (KHTML, like Gecko) Chrome/85.0.4183.121 Safari/537.36"
::1 - - [11/Oct/2020:19:37:46 +0700] "POST /backend/buoi24/buoi24_2.php HTTP/1.1" 401 381 "http://localhost/backend/buoi24/buoi24_2.html" "Mozilla/5.0 (Windows NT 10.0; Win64; x64) AppleWebKit/537.36 (KHTML, like Gecko) Chrome/85.0.4183.121 Safari/537.36"
::1 - - [11/Oct/2020:19:37:46 +0700] "POST /backend/buoi24/buoi24_2.php HTTP/1.1" 401 381 "http://localhost/backend/buoi24/buoi24_2.html" "Mozilla/5.0 (Windows NT 10.0; Win64; x64) AppleWebKit/537.36 (KHTML, like Gecko) Chrome/85.0.4183.121 Safari/537.36"
::1 - - [11/Oct/2020:19:37:46 +0700] "POST /backend/buoi24/buoi24_2.php HTTP/1.1" 401 381 "http://localhost/backend/buoi24/buoi24_2.html" "Mozilla/5.0 (Windows NT 10.0; Win64; x64) AppleWebKit/537.36 (KHTML, like Gecko) Chrome/85.0.4183.121 Safari/537.36"
::1 - - [11/Oct/2020:19:37:46 +0700] "POST /backend/buoi24/buoi24_2.php HTTP/1.1" 401 381 "http://localhost/backend/buoi24/buoi24_2.html" "Mozilla/5.0 (Windows NT 10.0; Win64; x64) AppleWebKit/537.36 (KHTML, like Gecko) Chrome/85.0.4183.121 Safari/537.36"
::1 - - [11/Oct/2020:19:37:46 +0700] "POST /backend/buoi24/buoi24_2.php HTTP/1.1" 401 381 "http://localhost/backend/buoi24/buoi24_2.html" "Mozilla/5.0 (Windows NT 10.0; Win64; x64) AppleWebKit/537.36 (KHTML, like Gecko) Chrome/85.0.4183.121 Safari/537.36"
::1 - - [11/Oct/2020:19:37:46 +0700] "POST /backend/buoi24/buoi24_2.php HTTP/1.1" 401 381 "http://localhost/backend/buoi24/buoi24_2.html" "Mozilla/5.0 (Windows NT 10.0; Win64; x64) AppleWebKit/537.36 (KHTML, like Gecko) Chrome/85.0.4183.121 Safari/537.36"
::1 - - [11/Oct/2020:19:37:46 +0700] "POST /backend/buoi24/buoi24_2.php HTTP/1.1" 401 381 "http://localhost/backend/buoi24/buoi24_2.html" "Mozilla/5.0 (Windows NT 10.0; Win64; x64) AppleWebKit/537.36 (KHTML, like Gecko) Chrome/85.0.4183.121 Safari/537.36"
::1 - - [11/Oct/2020:19:37:46 +0700] "POST /backend/buoi24/buoi24_2.php HTTP/1.1" 401 381 "http://localhost/backend/buoi24/buoi24_2.html" "Mozilla/5.0 (Windows NT 10.0; Win64; x64) AppleWebKit/537.36 (KHTML, like Gecko) Chrome/85.0.4183.121 Safari/537.36"
::1 - - [11/Oct/2020:19:37:46 +0700] "POST /backend/buoi24/buoi24_2.php HTTP/1.1" 401 381 "http://localhost/backend/buoi24/buoi24_2.html" "Mozilla/5.0 (Windows NT 10.0; Win64; x64) AppleWebKit/537.36 (KHTML, like Gecko) Chrome/85.0.4183.121 Safari/537.36"
::1 - - [11/Oct/2020:19:37:46 +0700] "POST /backend/buoi24/buoi24_2.php HTTP/1.1" 401 381 "http://localhost/backend/buoi24/buoi24_2.html" "Mozilla/5.0 (Windows NT 10.0; Win64; x64) AppleWebKit/537.36 (KHTML, like Gecko) Chrome/85.0.4183.121 Safari/537.36"
::1 - - [11/Oct/2020:19:37:46 +0700] "POST /backend/buoi24/buoi24_2.php HTTP/1.1" 401 381 "http://localhost/backend/buoi24/buoi24_2.html" "Mozilla/5.0 (Windows NT 10.0; Win64; x64) AppleWebKit/537.36 (KHTML, like Gecko) Chrome/85.0.4183.121 Safari/537.36"
::1 - - [11/Oct/2020:19:37:46 +0700] "POST /backend/buoi24/buoi24_2.php HTTP/1.1" 401 381 "http://localhost/backend/buoi24/buoi24_2.html" "Mozilla/5.0 (Windows NT 10.0; Win64; x64) AppleWebKit/537.36 (KHTML, like Gecko) Chrome/85.0.4183.121 Safari/537.36"
::1 - - [11/Oct/2020:19:37:46 +0700] "POST /backend/buoi24/buoi24_2.php HTTP/1.1" 401 381 "http://localhost/backend/buoi24/buoi24_2.html" "Mozilla/5.0 (Windows NT 10.0; Win64; x64) AppleWebKit/537.36 (KHTML, like Gecko) Chrome/85.0.4183.121 Safari/537.36"
::1 - - [11/Oct/2020:19:37:46 +0700] "POST /backend/buoi24/buoi24_2.php HTTP/1.1" 401 381 "http://localhost/backend/buoi24/buoi24_2.html" "Mozilla/5.0 (Windows NT 10.0; Win64; x64) AppleWebKit/537.36 (KHTML, like Gecko) Chrome/85.0.4183.121 Safari/537.36"
::1 - - [11/Oct/2020:19:37:46 +0700] "POST /backend/buoi24/buoi24_2.php HTTP/1.1" 401 381 "http://localhost/backend/buoi24/buoi24_2.html" "Mozilla/5.0 (Windows NT 10.0; Win64; x64) AppleWebKit/537.36 (KHTML, like Gecko) Chrome/85.0.4183.121 Safari/537.36"
::1 - - [11/Oct/2020:19:37:46 +0700] "POST /backend/buoi24/buoi24_2.php HTTP/1.1" 401 381 "http://localhost/backend/buoi24/buoi24_2.html" "Mozilla/5.0 (Windows NT 10.0; Win64; x64) AppleWebKit/537.36 (KHTML, like Gecko) Chrome/85.0.4183.121 Safari/537.36"
::1 - - [11/Oct/2020:19:37:46 +0700] "POST /backend/buoi24/buoi24_2.php HTTP/1.1" 401 381 "http://localhost/backend/buoi24/buoi24_2.html" "Mozilla/5.0 (Windows NT 10.0; Win64; x64) AppleWebKit/537.36 (KHTML, like Gecko) Chrome/85.0.4183.121 Safari/537.36"
::1 - - [11/Oct/2020:19:37:46 +0700] "POST /backend/buoi24/buoi24_2.php HTTP/1.1" 401 381 "http://localhost/backend/buoi24/buoi24_2.html" "Mozilla/5.0 (Windows NT 10.0; Win64; x64) AppleWebKit/537.36 (KHTML, like Gecko) Chrome/85.0.4183.121 Safari/537.36"
::1 - - [11/Oct/2020:19:37:46 +0700] "POST /backend/buoi24/buoi24_2.php HTTP/1.1" 401 381 "http://localhost/backend/buoi24/buoi24_2.html" "Mozilla/5.0 (Windows NT 10.0; Win64; x64) AppleWebKit/537.36 (KHTML, like Gecko) Chrome/85.0.4183.121 Safari/537.36"
::1 - - [11/Oct/2020:19:37:46 +0700] "POST /backend/buoi24/buoi24_2.php HTTP/1.1" 401 381 "http://localhost/backend/buoi24/buoi24_2.html" "Mozilla/5.0 (Windows NT 10.0; Win64; x64) AppleWebKit/537.36 (KHTML, like Gecko) Chrome/85.0.4183.121 Safari/537.36"
::1 - - [11/Oct/2020:19:37:46 +0700] "POST /backend/buoi24/buoi24_2.php HTTP/1.1" 401 381 "http://localhost/backend/buoi24/buoi24_2.html" "Mozilla/5.0 (Windows NT 10.0; Win64; x64) AppleWebKit/537.36 (KHTML, like Gecko) Chrome/85.0.4183.121 Safari/537.36"
::1 - - [11/Oct/2020:19:37:46 +0700] "POST /backend/buoi24/buoi24_2.php HTTP/1.1" 401 381 "http://localhost/backend/buoi24/buoi24_2.html" "Mozilla/5.0 (Windows NT 10.0; Win64; x64) AppleWebKit/537.36 (KHTML, like Gecko) Chrome/85.0.4183.121 Safari/537.36"
::1 - - [11/Oct/2020:19:37:46 +0700] "POST /backend/buoi24/buoi24_2.php HTTP/1.1" 401 381 "http://localhost/backend/buoi24/buoi24_2.html" "Mozilla/5.0 (Windows NT 10.0; Win64; x64) AppleWebKit/537.36 (KHTML, like Gecko) Chrome/85.0.4183.121 Safari/537.36"
::1 - - [11/Oct/2020:19:37:46 +0700] "POST /backend/buoi24/buoi24_2.php HTTP/1.1" 401 381 "http://localhost/backend/buoi24/buoi24_2.html" "Mozilla/5.0 (Windows NT 10.0; Win64; x64) AppleWebKit/537.36 (KHTML, like Gecko) Chrome/85.0.4183.121 Safari/537.36"
::1 - - [11/Oct/2020:19:37:46 +0700] "POST /backend/buoi24/buoi24_2.php HTTP/1.1" 401 381 "http://localhost/backend/buoi24/buoi24_2.html" "Mozilla/5.0 (Windows NT 10.0; Win64; x64) AppleWebKit/537.36 (KHTML, like Gecko) Chrome/85.0.4183.121 Safari/537.36"
::1 - - [11/Oct/2020:19:37:46 +0700] "POST /backend/buoi24/buoi24_2.php HTTP/1.1" 401 381 "http://localhost/backend/buoi24/buoi24_2.html" "Mozilla/5.0 (Windows NT 10.0; Win64; x64) AppleWebKit/537.36 (KHTML, like Gecko) Chrome/85.0.4183.121 Safari/537.36"
::1 - - [11/Oct/2020:19:37:46 +0700] "POST /backend/buoi24/buoi24_2.php HTTP/1.1" 401 381 "http://localhost/backend/buoi24/buoi24_2.html" "Mozilla/5.0 (Windows NT 10.0; Win64; x64) AppleWebKit/537.36 (KHTML, like Gecko) Chrome/85.0.4183.121 Safari/537.36"